<?xml version="1.0" encoding="UTF-8"?>
<testsuite name="C:/Users/vinod/IdeaProjects/ATB6xRestAssuredLearning/src/test/java/com/testingacademy/ex_RA01/Lab261.java"
           tests="2"
           failures="0"
           errors="0"
           skipped="0"
           time="9.138">
    <properties></properties>



            <testcase
                name="getRequest"
                time="7.946"
                classname="com.testingacademy.ex_RA01.Lab261">
            </testcase>
            <testcase
                name="getRequest2"
                time="1.192"
                classname="com.testingacademy.ex_RA01.Lab261">
            </testcase>
</testsuite>
