<?xml version="1.0" encoding="UTF-8"?>
<testsuite name="C:/Users/vinod/IdeaProjects/ATB6xRestAssuredLearning/src/test/java/com/testingacademy/ex_RA01/Lab261.java"
           tests="1"
           failures="0"
           errors="0"
           skipped="0"
           time="2.598">
    <properties></properties>



            <testcase
                name="postRequest"
                time="2.598"
                classname="com.testingacademy.ex_RA01.CRUD.POST.Lab271">
            </testcase>
</testsuite>
