<?xml version="1.0" encoding="UTF-8"?>
<testsuite name="ATB6xRestAssuredLearning"
           tests="2"
           failures="0"
           errors="0"
           skipped="0"
           time="9.200">
    <properties></properties>



            <testcase
                name="postRequestNonBDDStyleNegative"
                time="7.554"
                classname="com.testingacademy.ex_RA01.CRUD.POST.Lab272">
            </testcase>
            <testcase
                name="postRequestNonBDDStylePositive"
                time="1.646"
                classname="com.testingacademy.ex_RA01.CRUD.POST.Lab272">
            </testcase>
</testsuite>
